Using pre-set license
Built from '2020.2/release' branch; Version is '2020.2.0f1 (3721df5a8b28) revision 3613151'; Using compiler version '192528614'; Build Type 'Release'
OS: 'Windows 10  (10.0.0) 64bit' Language: 'en' Physical Memory: 3995 MB
BatchMode: 1, IsHumanControllingUs: 0, StartBugReporterOnCrash: 0, Is64bit: 1, IsPro: 0

 COMMAND LINE ARGUMENTS:
C:\Program Files\Unity\Hub\Editor\2020.2.0f1\Editor\Unity.exe
-adb2
-batchMode
-noUpm
-name
AssetImportWorker1
-projectPath
D:/Documents/kul/V/PG/tubes/Flappy3D
-logFile
Logs/AssetImportWorker1.log
-srvPort
62632
Successfully changed project path to: D:/Documents/kul/V/PG/tubes/Flappy3D
D:/Documents/kul/V/PG/tubes/Flappy3D
Using Asset Import Pipeline V2.
Refreshing native plugins compatible for Editor in 62.46 ms, found 0 plugins.
Preloading 0 native plugins for Editor in 0.00 ms.
Initialize engine version: 2020.2.0f1 (3721df5a8b28)
[Subsystems] Discovering subsystems at path C:/Program Files/Unity/Hub/Editor/2020.2.0f1/Editor/Data/Resources/UnitySubsystems
[Subsystems] Discovering subsystems at path D:/Documents/kul/V/PG/tubes/Flappy3D/Assets
GfxDevice: creating device client; threaded=0
Direct3D:
    Version:  Direct3D 11.0 [level 11.1]
    Renderer: Intel(R) HD Graphics 520 (ID=0x1916)
    Vendor:   
    VRAM:     1997 MB
    Driver:   27.20.100.8681
Initialize mono
Mono path[0] = 'C:/Program Files/Unity/Hub/Editor/2020.2.0f1/Editor/Data/Managed'
Mono path[1] = 'C:/Program Files/Unity/Hub/Editor/2020.2.0f1/Editor/Data/MonoBleedingEdge/lib/mono/unityjit'
Mono config path = 'C:/Program Files/Unity/Hub/Editor/2020.2.0f1/Editor/Data/MonoBleedingEdge/etc'
Using monoOptions --debugger-agent=transport=dt_socket,embedding=1,server=y,suspend=n,address=127.0.0.1:56608
Begin MonoManager ReloadAssembly
Registering precompiled unity dll's ...
Register platform support module: C:/Program Files/Unity/Hub/Editor/2020.2.0f1/Editor/Data/PlaybackEngines/WindowsStandaloneSupport/UnityEditor.WindowsStandalone.Extensions.dll
Registered in 0.005772 seconds.
Native extension for WindowsStandalone target not found
Refreshing native plugins compatible for Editor in 68.09 ms, found 0 plugins.
Preloading 0 native plugins for Editor in 0.00 ms.
Invoked RoslynAnalysisRunner static constructor.
RoslynAnalysisRunner will not be running.
RoslynAnalysisRunner has terminated.
Mono: successfully reloaded assembly
- Completed reload, in  2.976 seconds
Platform modules already initialized, skipping
Registering precompiled user dll's ...
Registered in 0.001612 seconds.
Begin MonoManager ReloadAssembly
Native extension for WindowsStandalone target not found
Refreshing native plugins compatible for Editor in 0.46 ms, found 0 plugins.
Preloading 0 native plugins for Editor in 0.00 ms.
Invoked RoslynAnalysisRunner static constructor.
RoslynAnalysisRunner will not be running.
RoslynAnalysisRunner has terminated.
Mono: successfully reloaded assembly
- Completed reload, in  5.070 seconds
Platform modules already initialized, skipping
========================================================================
Worker process is ready to serve import requests
Launched and connected shader compiler UnityShaderCompiler.exe after 0.36 seconds
Refreshing native plugins compatible for Editor in 1.32 ms, found 0 plugins.
Preloading 0 native plugins for Editor in 0.00 ms.
Unloading 1094 Unused Serialized files (Serialized files now loaded: 0)
System memory in use before: 56.5 MB.
System memory in use after: 56.6 MB.

Unloading 10 unused Assets to reduce memory usage. Loaded Objects now: 1536.
Total: 81.576700 ms (FindLiveObjects: 0.652500 ms CreateObjectMapping: 0.176200 ms MarkObjects: 80.618200 ms  DeleteObjects: 0.126700 ms)

========================================================================
Received Import Request.
  path: Assets/BG.png
  artifactKey: Guid(fc3b0db02dcb5c641a521243ccca60bc) Importer(815301076,1909f56bfc062723c751e8b465ee728b)
Start importing Assets/BG.png using Guid(fc3b0db02dcb5c641a521243ccca60bc) Importer(815301076,1909f56bfc062723c751e8b465ee728b)  -> (artifact id: '23434fb922906adedddc229bdd1b96c3') in 1.511774 seconds
  Import took 1.551479 seconds .

========================================================================
Received Import Request.
  Time since last request: 1400.638193 seconds.
  path: Assets/Scenes/Menu.unity
  artifactKey: Guid(3080bd0ce9bcbb6428ae2aaabf1cd3ab) Importer(815301076,1909f56bfc062723c751e8b465ee728b)
Start importing Assets/Scenes/Menu.unity using Guid(3080bd0ce9bcbb6428ae2aaabf1cd3ab) Importer(815301076,1909f56bfc062723c751e8b465ee728b)  -> (artifact id: 'bc7ad5ed248ba570e1000ba20e5739bc') in 0.283624 seconds
  Import took 0.310038 seconds .

========================================================================
Received Import Request.
  Time since last request: 16.283837 seconds.
  path: Assets/Scenes
  artifactKey: Guid(0b41d55915daf6f41872bc03b4a85df1) Importer(815301076,1909f56bfc062723c751e8b465ee728b)
Start importing Assets/Scenes using Guid(0b41d55915daf6f41872bc03b4a85df1) Importer(815301076,1909f56bfc062723c751e8b465ee728b)  -> (artifact id: 'bc54bebfeaba6780ead99fd6cfcf08ce') in 0.048490 seconds
  Import took 0.053469 seconds .

========================================================================
Received Import Request.
  Time since last request: 27.889591 seconds.
  path: Assets/Scenes/Restart.unity
  artifactKey: Guid(7349dc43c75b5d448a9f70826f8ee2f5) Importer(815301076,1909f56bfc062723c751e8b465ee728b)
Start importing Assets/Scenes/Restart.unity using Guid(7349dc43c75b5d448a9f70826f8ee2f5) Importer(815301076,1909f56bfc062723c751e8b465ee728b)  -> (artifact id: '9521bb24d32032dcb81a14da951a5e49') in 0.012927 seconds
  Import took 0.024351 seconds .

========================================================================
Received Import Request.
  Time since last request: 95.576909 seconds.
  path: Assets/Scenes/Restart.unity
  artifactKey: Guid(7349dc43c75b5d448a9f70826f8ee2f5) Importer(815301076,1909f56bfc062723c751e8b465ee728b)
Start importing Assets/Scenes/Restart.unity using Guid(7349dc43c75b5d448a9f70826f8ee2f5) Importer(815301076,1909f56bfc062723c751e8b465ee728b)  -> (artifact id: '0572bfe8b65d49a7c799f7de0ec898b0') in 0.009604 seconds
  Import took 0.079324 seconds .

========================================================================
Received Import Request.
  Time since last request: 4.178717 seconds.
  path: Assets/Scenes/Restart Lose.unity
  artifactKey: Guid(7349dc43c75b5d448a9f70826f8ee2f5) Importer(815301076,1909f56bfc062723c751e8b465ee728b)
Start importing Assets/Scenes/Restart Lose.unity using Guid(7349dc43c75b5d448a9f70826f8ee2f5) Importer(815301076,1909f56bfc062723c751e8b465ee728b)  -> (artifact id: '992c628218089389dabf6011d6c8ccef') in 0.016329 seconds
  Import took 0.069168 seconds .

========================================================================
Received Import Request.
  Time since last request: 87.743660 seconds.
  path: Assets/Scenes/Restart Lose.unity
  artifactKey: Guid(7349dc43c75b5d448a9f70826f8ee2f5) Importer(815301076,1909f56bfc062723c751e8b465ee728b)
Start importing Assets/Scenes/Restart Lose.unity using Guid(7349dc43c75b5d448a9f70826f8ee2f5) Importer(815301076,1909f56bfc062723c751e8b465ee728b)  -> (artifact id: '09aaeb2653a3867c30bb062e65a6d1a3') in 0.006762 seconds
  Import took 0.058098 seconds .

========================================================================
Received Import Request.
  Time since last request: 25.868404 seconds.
  path: Assets/Scenes/WIN MENU.unity
  artifactKey: Guid(57f467cb04a9be64585002806260305a) Importer(815301076,1909f56bfc062723c751e8b465ee728b)
Start importing Assets/Scenes/WIN MENU.unity using Guid(57f467cb04a9be64585002806260305a) Importer(815301076,1909f56bfc062723c751e8b465ee728b)  -> (artifact id: '3c56aa4bba9bb7ac538e33ad2066bdd6') in 0.020616 seconds
  Import took 0.044401 seconds .

AssetImportWorkerClient::OnTransportError - code=2 error=End of file
