Using pre-set license
Built from '2020.2/release' branch; Version is '2020.2.4f1 (becced5a802b) revision 12504301'; Using compiler version '192528614'; Build Type 'Release'
OS: 'Windows 10 Home Single Language; OS build 19041.804; Version 2004; 64bit' Language: 'en' Physical Memory: 3995 MB
BatchMode: 1, IsHumanControllingUs: 0, StartBugReporterOnCrash: 0, Is64bit: 1, IsPro: 0

 COMMAND LINE ARGUMENTS:
C:\Program Files\Unity\Hub\Editor\2020.2.4f1\Editor\Unity.exe
-adb2
-batchMode
-noUpm
-name
AssetImportWorker0
-projectPath
E:/POLINES/Kuliah/Semester 5/Pemrograman Game/projek/Flappy3DGame/tubes/Flappy3D
-logFile
Logs/AssetImportWorker0.log
-srvPort
65517
Successfully changed project path to: E:/POLINES/Kuliah/Semester 5/Pemrograman Game/projek/Flappy3DGame/tubes/Flappy3D
E:/POLINES/Kuliah/Semester 5/Pemrograman Game/projek/Flappy3DGame/tubes/Flappy3D
Using Asset Import Pipeline V2.
Refreshing native plugins compatible for Editor in 67.09 ms, found 0 plugins.
Preloading 0 native plugins for Editor in 0.00 ms.
Initialize engine version: 2020.2.4f1 (becced5a802b)
[Subsystems] Discovering subsystems at path C:/Program Files/Unity/Hub/Editor/2020.2.4f1/Editor/Data/Resources/UnitySubsystems
[Subsystems] Discovering subsystems at path E:/POLINES/Kuliah/Semester 5/Pemrograman Game/projek/Flappy3DGame/tubes/Flappy3D/Assets
GfxDevice: creating device client; threaded=0
Direct3D:
    Version:  Direct3D 11.0 [level 11.1]
    Renderer: Intel(R) HD Graphics 520 (ID=0x1916)
    Vendor:   
    VRAM:     1997 MB
    Driver:   27.20.100.8681
Initialize mono
Mono path[0] = 'C:/Program Files/Unity/Hub/Editor/2020.2.4f1/Editor/Data/Managed'
Mono path[1] = 'C:/Program Files/Unity/Hub/Editor/2020.2.4f1/Editor/Data/MonoBleedingEdge/lib/mono/unityjit'
Mono config path = 'C:/Program Files/Unity/Hub/Editor/2020.2.4f1/Editor/Data/MonoBleedingEdge/etc'
Using monoOptions --debugger-agent=transport=dt_socket,embedding=1,server=y,suspend=n,address=127.0.0.1:56764
Begin MonoManager ReloadAssembly
Registering precompiled unity dll's ...
Register platform support module: C:/Program Files/Unity/Hub/Editor/2020.2.4f1/Editor/Data/PlaybackEngines/WindowsStandaloneSupport/UnityEditor.WindowsStandalone.Extensions.dll
Registered in 0.009232 seconds.
Native extension for WindowsStandalone target not found
Refreshing native plugins compatible for Editor in 54.15 ms, found 0 plugins.
Preloading 0 native plugins for Editor in 0.00 ms.
Invoked RoslynAnalysisRunner static constructor.
RoslynAnalysisRunner will not be running.
RoslynAnalysisRunner has terminated.
Mono: successfully reloaded assembly
- Completed reload, in  6.500 seconds
Platform modules already initialized, skipping
Registering precompiled user dll's ...
Registered in 0.028279 seconds.
Begin MonoManager ReloadAssembly
Native extension for WindowsStandalone target not found
Refreshing native plugins compatible for Editor in 0.34 ms, found 0 plugins.
Preloading 0 native plugins for Editor in 0.00 ms.
Invoked RoslynAnalysisRunner static constructor.
RoslynAnalysisRunner will not be running.
RoslynAnalysisRunner has terminated.
Mono: successfully reloaded assembly
- Completed reload, in  2.611 seconds
Platform modules already initialized, skipping
========================================================================
Worker process is ready to serve import requests
Launched and connected shader compiler UnityShaderCompiler.exe after 0.18 seconds
Refreshing native plugins compatible for Editor in 0.26 ms, found 0 plugins.
Preloading 0 native plugins for Editor in 0.00 ms.
Unloading 1097 Unused Serialized files (Serialized files now loaded: 0)
System memory in use before: 56.9 MB.
System memory in use after: 56.9 MB.

Unloading 10 unused Assets to reduce memory usage. Loaded Objects now: 1539.
Total: 7.111200 ms (FindLiveObjects: 0.224200 ms CreateObjectMapping: 0.070100 ms MarkObjects: 6.633400 ms  DeleteObjects: 0.179100 ms)

========================================================================
Received Import Request.
  path: Assets/env.fbx
  artifactKey: Guid(930281c67543aa54485ed03d167f822c) Importer(815301076,1909f56bfc062723c751e8b465ee728b)
Start importing Assets/env.fbx using Guid(930281c67543aa54485ed03d167f822c) Importer(815301076,1909f56bfc062723c751e8b465ee728b)  -> (artifact id: '3e1b20a41ecd105d13d7cac54f74d28d') in 1.825636 seconds
  Import took 1.899460 seconds .

========================================================================
Received Import Request.
  Time since last request: 15.737547 seconds.
  path: Assets/env.fbx
  artifactKey: Guid(930281c67543aa54485ed03d167f822c) Importer(815301076,1909f56bfc062723c751e8b465ee728b)
Start importing Assets/env.fbx using Guid(930281c67543aa54485ed03d167f822c) Importer(815301076,1909f56bfc062723c751e8b465ee728b)  -> (artifact id: '3e1b20a41ecd105d13d7cac54f74d28d') in 0.747171 seconds
  Import took 0.757686 seconds .

========================================================================
Received Prepare
Refreshing native plugins compatible for Editor in 1.45 ms, found 0 plugins.
Preloading 0 native plugins for Editor in 0.00 ms.
Unloading 3 Unused Serialized files (Serialized files now loaded: 0)
System memory in use before: 38.7 MB.
System memory in use after: 38.8 MB.

Unloading 3 unused Assets to reduce memory usage. Loaded Objects now: 1582.
Total: 4.328600 ms (FindLiveObjects: 0.531800 ms CreateObjectMapping: 0.112300 ms MarkObjects: 3.605800 ms  DeleteObjects: 0.070600 ms)

AssetImportWorkerClient::OnTransportError - code=2 error=End of file
