Using pre-set license
Built from '2020.2/release' branch; Version is '2020.2.0f1 (3721df5a8b28) revision 3613151'; Using compiler version '192528614'; Build Type 'Release'
OS: 'Windows 10  (10.0.0) 64bit' Language: 'en' Physical Memory: 3995 MB
BatchMode: 1, IsHumanControllingUs: 0, StartBugReporterOnCrash: 0, Is64bit: 1, IsPro: 0

 COMMAND LINE ARGUMENTS:
C:\Program Files\Unity\Hub\Editor\2020.2.0f1\Editor\Unity.exe
-adb2
-batchMode
-noUpm
-name
AssetImportWorker1
-projectPath
D:/Documents/kul/V/PG/tubes/Flappy3D
-logFile
Logs/AssetImportWorker1.log
-srvPort
61242
Successfully changed project path to: D:/Documents/kul/V/PG/tubes/Flappy3D
D:/Documents/kul/V/PG/tubes/Flappy3D
Using Asset Import Pipeline V2.
Refreshing native plugins compatible for Editor in 64.82 ms, found 0 plugins.
Preloading 0 native plugins for Editor in 0.00 ms.
Initialize engine version: 2020.2.0f1 (3721df5a8b28)
[Subsystems] Discovering subsystems at path C:/Program Files/Unity/Hub/Editor/2020.2.0f1/Editor/Data/Resources/UnitySubsystems
[Subsystems] Discovering subsystems at path D:/Documents/kul/V/PG/tubes/Flappy3D/Assets
GfxDevice: creating device client; threaded=0
Direct3D:
    Version:  Direct3D 11.0 [level 11.1]
    Renderer: Intel(R) HD Graphics 520 (ID=0x1916)
    Vendor:   
    VRAM:     1997 MB
    Driver:   27.20.100.8681
Initialize mono
Mono path[0] = 'C:/Program Files/Unity/Hub/Editor/2020.2.0f1/Editor/Data/Managed'
Mono path[1] = 'C:/Program Files/Unity/Hub/Editor/2020.2.0f1/Editor/Data/MonoBleedingEdge/lib/mono/unityjit'
Mono config path = 'C:/Program Files/Unity/Hub/Editor/2020.2.0f1/Editor/Data/MonoBleedingEdge/etc'
Using monoOptions --debugger-agent=transport=dt_socket,embedding=1,server=y,suspend=n,address=127.0.0.1:56416
Begin MonoManager ReloadAssembly
Registering precompiled unity dll's ...
Register platform support module: C:/Program Files/Unity/Hub/Editor/2020.2.0f1/Editor/Data/PlaybackEngines/WindowsStandaloneSupport/UnityEditor.WindowsStandalone.Extensions.dll
Registered in 0.005240 seconds.
Native extension for WindowsStandalone target not found
Refreshing native plugins compatible for Editor in 43.37 ms, found 0 plugins.
Preloading 0 native plugins for Editor in 0.00 ms.
Invoked RoslynAnalysisRunner static constructor.
RoslynAnalysisRunner will not be running.
RoslynAnalysisRunner has terminated.
Mono: successfully reloaded assembly
- Completed reload, in  2.184 seconds
Platform modules already initialized, skipping
Registering precompiled user dll's ...
Registered in 0.002276 seconds.
Begin MonoManager ReloadAssembly
Native extension for WindowsStandalone target not found
Refreshing native plugins compatible for Editor in 0.33 ms, found 0 plugins.
Preloading 0 native plugins for Editor in 0.00 ms.
Invoked RoslynAnalysisRunner static constructor.
RoslynAnalysisRunner will not be running.
RoslynAnalysisRunner has terminated.
Mono: successfully reloaded assembly
- Completed reload, in  1.674 seconds
Platform modules already initialized, skipping
========================================================================
Worker process is ready to serve import requests
Launched and connected shader compiler UnityShaderCompiler.exe after 0.13 seconds
Refreshing native plugins compatible for Editor in 0.44 ms, found 0 plugins.
Preloading 0 native plugins for Editor in 0.00 ms.
Unloading 1094 Unused Serialized files (Serialized files now loaded: 0)
System memory in use before: 56.6 MB.
System memory in use after: 56.6 MB.

Unloading 10 unused Assets to reduce memory usage. Loaded Objects now: 1536.
Total: 3.504600 ms (FindLiveObjects: 0.292000 ms CreateObjectMapping: 0.104200 ms MarkObjects: 2.987100 ms  DeleteObjects: 0.118900 ms)

========================================================================
Received Import Request.
  path: Assets/Scenes/Menu.unity
  artifactKey: Guid(3080bd0ce9bcbb6428ae2aaabf1cd3ab) Importer(815301076,1909f56bfc062723c751e8b465ee728b)
Start importing Assets/Scenes/Menu.unity using Guid(3080bd0ce9bcbb6428ae2aaabf1cd3ab) Importer(815301076,1909f56bfc062723c751e8b465ee728b)  -> (artifact id: 'a0c2f7d2003620512f292aa7577a4318') in 0.140573 seconds
  Import took 0.240052 seconds .

========================================================================
Received Import Request.
  Time since last request: 121.307071 seconds.
  path: Assets/Scenes/BlackRoties.ttf
  artifactKey: Guid(20b880bf2735b0742a5dae809582ef2a) Importer(815301076,1909f56bfc062723c751e8b465ee728b)
Start importing Assets/Scenes/BlackRoties.ttf using Guid(20b880bf2735b0742a5dae809582ef2a) Importer(815301076,1909f56bfc062723c751e8b465ee728b)  -> (artifact id: '2536a9492915d926c1ac1c48c85f9054') in 1.262272 seconds
  Import took 1.266026 seconds .

========================================================================
Received Import Request.
  Time since last request: 69.472932 seconds.
  path: Assets/NightinTokyoShadow.ttf
  artifactKey: Guid(28f1ea796ab63d24a836c5ca9e9e5011) Importer(815301076,1909f56bfc062723c751e8b465ee728b)
Start importing Assets/NightinTokyoShadow.ttf using Guid(28f1ea796ab63d24a836c5ca9e9e5011) Importer(815301076,1909f56bfc062723c751e8b465ee728b)  -> (artifact id: '4bf45fb6cd26528565435d16d46d5b7f') in 0.071743 seconds
  Import took 0.075665 seconds .

========================================================================
Received Import Request.
  Time since last request: 7.287531 seconds.
  path: Assets/Happy Clover-Display.ttf
  artifactKey: Guid(1f44ad181c6229f41b9e133848c56a23) Importer(815301076,1909f56bfc062723c751e8b465ee728b)
Start importing Assets/Happy Clover-Display.ttf using Guid(1f44ad181c6229f41b9e133848c56a23) Importer(815301076,1909f56bfc062723c751e8b465ee728b)  -> (artifact id: '87d549c72190842cb904d2556a0eae6a') in 0.047245 seconds
  Import took 0.066549 seconds .

========================================================================
Received Import Request.
  Time since last request: 6.482658 seconds.
  path: Assets/Happy-Camper-Regular.ttf
  artifactKey: Guid(84487c89c41e96c40902c64cc0f0e71c) Importer(815301076,1909f56bfc062723c751e8b465ee728b)
Start importing Assets/Happy-Camper-Regular.ttf using Guid(84487c89c41e96c40902c64cc0f0e71c) Importer(815301076,1909f56bfc062723c751e8b465ee728b)  -> (artifact id: 'e418c11fae9d4a2774992a162eb283a8') in 0.050539 seconds
  Import took 0.081478 seconds .

========================================================================
Received Import Request.
  Time since last request: 19.131775 seconds.
  path: Assets/Belligan.otf
  artifactKey: Guid(2b623dfe1d87fc249a09a3b4e00c1754) Importer(815301076,1909f56bfc062723c751e8b465ee728b)
Start importing Assets/Belligan.otf using Guid(2b623dfe1d87fc249a09a3b4e00c1754) Importer(815301076,1909f56bfc062723c751e8b465ee728b)  -> (artifact id: 'fe26cdcf3fddad78a4a6c30b7c7effe1') in 0.050253 seconds
  Import took 0.083025 seconds .

========================================================================
Received Import Request.
  Time since last request: 6.580436 seconds.
  path: Assets/BebasNeue-Regular.otf
  artifactKey: Guid(c20e3c5aa18c0774694b605b0f68d1f6) Importer(815301076,1909f56bfc062723c751e8b465ee728b)
Start importing Assets/BebasNeue-Regular.otf using Guid(c20e3c5aa18c0774694b605b0f68d1f6) Importer(815301076,1909f56bfc062723c751e8b465ee728b)  -> (artifact id: 'f7bafbde862c3db5b2417540c8b821a3') in 0.039853 seconds
  Import took 0.112262 seconds .

